<?xml version="1.0" encoding="UTF-8"?>
<!-- Generated by org.testng.reporters.JUnitReportReporter -->
<testsuite hostname="WINDOWS-HI94A5B" failures="0" tests="1" name="com.crm.autodesk.orgdemo.CreateOrgTest" time="0.016" errors="0" timestamp="30 Dec 2021 17:36:24 GMT" skipped="0">
  <testcase classname="com.crm.autodesk.orgdemo.CreateOrgTest" name="createorg" time="0.016"/>
</testsuite> <!-- com.crm.autodesk.orgdemo.CreateOrgTest -->
