<?xml version="1.0" encoding="UTF-8"?>
<!-- Generated by org.testng.reporters.JUnitReportReporter -->
<testsuite hostname="WINDOWS-HI94A5B" failures="0" tests="1" name="com.crm.autodesk.contactdemo.CreateContactTest" time="0.014" errors="0" timestamp="30 Dec 2021 17:27:35 GMT" skipped="0">
  <testcase classname="com.crm.autodesk.contactdemo.CreateContactTest" name="contactTest" time="0.014"/>
</testsuite> <!-- com.crm.autodesk.contactdemo.CreateContactTest -->
