<?xml version="1.0" encoding="UTF-8"?>
<!-- Generated by org.testng.reporters.JUnitReportReporter -->
<testsuite hostname="WINDOWS-HI94A5B" failures="0" tests="1" name="com.crm.autodesk.orgdemo.CreateOrg" time="0.023" errors="0" timestamp="30 Dec 2021 16:47:25 GMT" skipped="0">
  <testcase classname="com.crm.autodesk.orgdemo.CreateOrg" name="CreateOrgTest" time="0.023"/>
</testsuite> <!-- com.crm.autodesk.orgdemo.CreateOrg -->
